2026-01-16 17:45:00 - tests.conftest - [32mINFO[0m - [conftest.py:60] - ==================================================
2026-01-16 17:45:00 - tests.conftest - [32mINFO[0m - [conftest.py:61] - è‡ªåŠ¨åŒ–æµ‹è¯•å¼€å§‹
2026-01-16 17:45:00 - tests.conftest - [32mINFO[0m - [conftest.py:62] - ==================================================
2026-01-16 17:45:00 - tests.conftest - [32mINFO[0m - [conftest.py:23] - å¯åŠ¨æµè§ˆå™¨
2026-01-16 17:45:02 - pages.base_page - [32mINFO[0m - [base_page.py:29] - åˆå§‹åŒ–é¡µé¢: LoginPage
2026-01-16 17:45:02 - pages.base_page - [32mINFO[0m - [base_page.py:41] - å¯¼èˆªåˆ°: http://dev8.kuotian.cc
2026-01-16 17:45:03 - pages.base_page - [32mINFO[0m - [base_page.py:43] - é¡µé¢åŠ è½½æˆåŠŸ: http://dev8.kuotian.cc
2026-01-16 17:45:03 - pages.base_page - [32mINFO[0m - [base_page.py:129] - å¡«å……è¾“å…¥æ¡†: <Locator frame=<Frame name= url='http://dev8.kuotian.cc/login'> selector='internal:role=textbox[name="è¯·è¾“å…¥ç™»å½•è´¦å·"i]'> = 18888888888
2026-01-16 17:45:03 - pages.base_page - [32mINFO[0m - [base_page.py:129] - å¡«å……è¾“å…¥æ¡†: <Locator frame=<Frame name= url='http://dev8.kuotian.cc/login'> selector='internal:role=textbox[name="è¯·è¾“å…¥ç™»å½•å¯†ç "i]'> = Hqq123456
2026-01-16 17:45:03 - pages.base_page - [32mINFO[0m - [base_page.py:110] - ç‚¹å‡»å…ƒç´ : <Locator frame=<Frame name= url='http://dev8.kuotian.cc/login'> selector='internal:role=button[name="ç™» å½•"i]'>
2026-01-16 17:45:04 - pages.base_page - [32mINFO[0m - [base_page.py:303] - æ–­è¨€æ–‡æœ¬å¯è§: 5454433
2026-01-16 17:45:09 - pages.base_page - [31mERROR[0m - [base_page.py:308] - æ–‡æœ¬æ–­è¨€å¤±è´¥: 5454433, é”™è¯¯: Locator expected to be visible
Actual value: None
Error: element(s) not found 
Call log:
  - Expect "to_be_visible" with timeout 5000ms
  - waiting for get_by_text("5454433")

2026-01-16 17:45:09 - tests.conftest - [31mERROR[0m - [conftest.py:79] - æµ‹è¯•å¤±è´¥: test_login_page
2026-01-16 17:45:09 - tests.conftest - [32mINFO[0m - [conftest.py:30] - å…³é—­æµè§ˆå™¨
2026-01-16 17:45:09 - tests.conftest - [32mINFO[0m - [conftest.py:67] - ==================================================
2026-01-16 17:45:09 - tests.conftest - [32mINFO[0m - [conftest.py:68] - è‡ªåŠ¨åŒ–æµ‹è¯•ç»“æŸ
2026-01-16 17:45:09 - tests.conftest - [32mINFO[0m - [conftest.py:69] - ==================================================
